21:52:55:013  INFO 33400 --- [main] com.hmall.item.ElasticSearchTest         : The following 1 profile is active: "local"
21:52:56:390  INFO 33400 --- [main] o.s.cloud.context.scope.GenericScope     : BeanFactory id=110b152d-2540-3917-a82d-46588c124fdb
21:53:00:547  INFO 33400 --- [main] o.s.cloud.commons.util.InetUtils         : Cannot determine local hostname
21:53:00:668  INFO 33400 --- [main] pertySourcedRequestMappingHandlerMapping : Mapped URL path [/v2/api-docs] onto method [springfox.documentation.swagger2.web.Swagger2ControllerWebMvc#getDocumentation(String, HttpServletRequest)]
21:53:02:750  INFO 33400 --- [main] o.s.cloud.commons.util.InetUtils         : Cannot determine local hostname
21:53:02:899  INFO 33400 --- [main] com.alibaba.nacos.common.remote.client   : [RpcClientFactory] create a new rpc client of 51e19a9d-1871-4b82-950b-0ee6f0a0dac2
21:53:02:899  INFO 33400 --- [main] com.alibaba.nacos.common.remote.client   : [51e19a9d-1871-4b82-950b-0ee6f0a0dac2] RpcClient init label, labels = {module=naming, source=sdk}
21:53:02:901  INFO 33400 --- [main] com.alibaba.nacos.common.remote.client   : [51e19a9d-1871-4b82-950b-0ee6f0a0dac2] RpcClient init, ServerListFactory = com.alibaba.nacos.client.naming.core.ServerListManager
21:53:02:901  INFO 33400 --- [main] com.alibaba.nacos.common.remote.client   : [51e19a9d-1871-4b82-950b-0ee6f0a0dac2] Registry connection listener to current client:com.alibaba.nacos.client.naming.remote.gprc.redo.NamingGrpcRedoService
21:53:02:901  INFO 33400 --- [main] com.alibaba.nacos.common.remote.client   : [51e19a9d-1871-4b82-950b-0ee6f0a0dac2] Register server push request handler:com.alibaba.nacos.client.naming.remote.gprc.NamingPushRequestHandler
21:53:02:901  INFO 33400 --- [main] com.alibaba.nacos.common.remote.client   : [51e19a9d-1871-4b82-950b-0ee6f0a0dac2] Try to connect to server on start up, server: {serverIp = '192.168.67.126', server main port = 8848}
21:53:03:029  INFO 33400 --- [main] com.alibaba.nacos.common.remote.client   : [51e19a9d-1871-4b82-950b-0ee6f0a0dac2] Success to connect to server [192.168.67.126:8848] on start up, connectionId = 1743601984043_192.168.67.1_53429
21:53:03:029  INFO 33400 --- [main] com.alibaba.nacos.common.remote.client   : [51e19a9d-1871-4b82-950b-0ee6f0a0dac2] Register server push request handler:com.alibaba.nacos.common.remote.client.RpcClient$ConnectResetRequestHandler
21:53:03:029  INFO 33400 --- [com.alibaba.nacos.client.remote.worker] com.alibaba.nacos.common.remote.client   : [51e19a9d-1871-4b82-950b-0ee6f0a0dac2] Notify connected event to listeners.
21:53:03:029  INFO 33400 --- [main] com.alibaba.nacos.common.remote.client   : [51e19a9d-1871-4b82-950b-0ee6f0a0dac2] Register server push request handler:com.alibaba.nacos.common.remote.client.RpcClient$$Lambda$818/0x00000202035d5c28
21:53:03:070  INFO 33400 --- [main] d.s.w.p.DocumentationPluginsBootstrapper : Documentation plugins bootstrapped
21:53:03:073  INFO 33400 --- [main] d.s.w.p.DocumentationPluginsBootstrapper : Found 1 custom documentation plugin(s)
21:53:03:103  INFO 33400 --- [main] s.d.s.w.s.ApiListingReferenceScanner     : Scanning for api listing references
21:53:03:115  INFO 33400 --- [main] com.hmall.item.ElasticSearchTest         : Started ElasticSearchTest in 12.899 seconds (JVM running for 14.369)
21:53:03:120  INFO 33400 --- [main] c.a.c.n.refresh.NacosContextRefresher    : [Nacos Config] Listening config: dataId=item-service.yaml, group=DEFAULT_GROUP
21:53:03:121  INFO 33400 --- [main] c.a.c.n.refresh.NacosContextRefresher    : [Nacos Config] Listening config: dataId=item-service-local.yaml, group=DEFAULT_GROUP
21:53:03:121  INFO 33400 --- [main] c.a.c.n.refresh.NacosContextRefresher    : [Nacos Config] Listening config: dataId=item-service, group=DEFAULT_GROUP
21:53:03:589  INFO 33400 --- [nacos-grpc-client-executor-7] com.alibaba.nacos.common.remote.client   : [51e19a9d-1871-4b82-950b-0ee6f0a0dac2] Receive server push request, request = NotifySubscriberRequest, requestId = 1
21:53:03:592  INFO 33400 --- [nacos-grpc-client-executor-7] com.alibaba.nacos.common.remote.client   : [51e19a9d-1871-4b82-950b-0ee6f0a0dac2] Ack server push request, request = NotifySubscriberRequest, requestId = 1
21:53:03:780  WARN 33400 --- [Thread-1] c.a.n.common.http.HttpClientBeanHolder   : [HttpClientBeanHolder] Start destroying common HttpClient
21:53:03:780  WARN 33400 --- [Thread-5] c.a.nacos.common.notify.NotifyCenter     : [NotifyCenter] Start destroying Publisher
21:53:03:780  WARN 33400 --- [Thread-5] c.a.nacos.common.notify.NotifyCenter     : [NotifyCenter] Destruction of the end
21:53:03:780  WARN 33400 --- [Thread-1] c.a.n.common.http.HttpClientBeanHolder   : [HttpClientBeanHolder] Destruction of the end
21:53:04:127  INFO 33400 --- [SpringApplicationShutdownHook] com.alibaba.nacos.common.remote.client   : Shutdown rpc client, set status to shutdown
21:53:04:127  INFO 33400 --- [SpringApplicationShutdownHook] com.alibaba.nacos.common.remote.client   : Shutdown client event executor java.util.concurrent.ScheduledThreadPoolExecutor@19b4dd60[Running, pool size = 2, active threads = 2, queued tasks = 0, completed tasks = 0]
21:53:04:127  INFO 33400 --- [SpringApplicationShutdownHook] com.alibaba.nacos.common.remote.client   : Close current connection 1743601984043_192.168.67.1_53429
21:53:04:132  INFO 33400 --- [nacos-grpc-client-executor-10] c.a.n.c.remote.client.grpc.GrpcClient    : [1743601984043_192.168.67.1_53429]Ignore complete event,isRunning:false,isAbandon=false
21:53:04:134  INFO 33400 --- [SpringApplicationShutdownHook] c.a.n.c.remote.client.grpc.GrpcClient    : Shutdown grpc executor java.util.concurrent.ThreadPoolExecutor@7866ffa[Running, pool size = 11, active threads = 0, queued tasks = 0, completed tasks = 11]
